<?xml version="1.0" encoding="UTF-8"?>
<!-- Generated by org.testng.reporters.JUnitXMLReporter -->
<testsuite ignored="0" hostname="DESKTOP-UF9NFAU" failures="0" tests="5" name="Surefire test" time="76.55" errors="0" timestamp="2023-02-21T15:48:46 SGT">
  <testcase classname="Ecommerce.test.ErrorValidationTest" name="LoginErrorValidation" time="0.42"/>
  <testcase classname="Ecommerce.test.ErrorValidationTest" name="ProductErrorValidation" time="13.637"/>
  <testcase classname="Ecommerce.test.SubmitOrderTest" name="submitOrder" time="15.032"/>
  <testcase classname="Ecommerce.test.SubmitOrderTest" name="submitOrder" time="15.003"/>
  <testcase classname="Ecommerce.test.SubmitOrderTest" name="OrderHistoryTest" time="0.648"/>
</testsuite> <!-- Surefire test -->
