<?xml version="1.0" encoding="UTF-8"?>
<!-- Generated by org.testng.reporters.JUnitXMLReporter -->
<testsuite ignored="0" hostname="DESKTOP-UF9NFAU" failures="1" tests="1" name="Default test" time="0.911" errors="0" timestamp="2023-02-21T21:40:30 PST">
  <testcase classname="io.cucumber.testng.AbstractTestNGCucumberTests" name="runScenario" time="0.19">
    <failure type="java.lang.NullPointerException" message="Cannot invoke &amp;quot;String.contains(java.lang.CharSequence)&amp;quot; because &amp;quot;browserName&amp;quot; is null">
      <![CDATA[java.lang.NullPointerException: Cannot invoke "String.contains(java.lang.CharSequence)" because "browserName" is null
at Ecommerce.testComponent.BaseTest.initializeDriver(BaseTest.java:45)
at Ecommerce.testComponent.BaseTest.lunchApplication(BaseTest.java:102)
at Ecommerce.stepDefinition.StepDefinition.I_Landed_on_Ecommerce_Page(StepDefinition.java:29)
at ✽.I landed on Ecommerce Page(file:///C:/Users/Dave/final/testing/src/test/java/Cucumber/SubmitOrderTest.feature:7)
]]>
    </failure>
  </testcase> <!-- runScenario -->
</testsuite> <!-- Default test -->
