<?xml version="1.0" encoding="UTF-8"?>
<!-- Generated by org.testng.reporters.JUnitReportReporter -->
<testsuite hostname="DESKTOP-UF9NFAU" failures="0" tests="1" name="Cucumber.TestNGTestRunner" time="0.190" errors="1" timestamp="2023-02-21T21:40:31 PST" skipped="0">
  <testcase classname="Cucumber.TestNGTestRunner" name="runScenario" time="0.190">
    <error message="Cannot invoke &quot;String.contains(java.lang.CharSequence)&quot; because &quot;browserName&quot; is null" type="java.lang.NullPointerException">
      <![CDATA[java.lang.NullPointerException: Cannot invoke "String.contains(java.lang.CharSequence)" because "browserName" is null
at Ecommerce.testComponent.BaseTest.initializeDriver(BaseTest.java:45)
at Ecommerce.testComponent.BaseTest.lunchApplication(BaseTest.java:102)
at Ecommerce.stepDefinition.StepDefinition.I_Landed_on_Ecommerce_Page(StepDefinition.java:29)
at ✽.I landed on Ecommerce Page(file:///C:/Users/Dave/final/testing/src/test/java/Cucumber/SubmitOrderTest.feature:7)
]]>
    </error>
  </testcase> <!-- runScenario -->
  <system-out/>
</testsuite> <!-- Cucumber.TestNGTestRunner -->
